<?xml version="1.0" encoding="UTF-8"?>
<testsuite name="in.conceptarchitect.calculator.AdvancedCalculatorTests" tests="1" skipped="0" failures="0" errors="0" timestamp="2019-07-11T08:10:17" hostname="Shivoham" time="0.427">
  <properties/>
  <testcase name="testDivideWithNonZeroSecondArg" classname="in.conceptarchitect.calculator.AdvancedCalculatorTests" time="0.427"/>
  <system-out><![CDATA[]]></system-out>
  <system-err><![CDATA[]]></system-err>
</testsuite>
